{"D:\\collge\\wbd\\github_code\\Elearning_22\\Elearning-server\\config\\redis.js": {"path":"D:\\collge\\wbd\\github_code\\Elearning_22\\Elearning-server\\config\\redis.js","statementMap":{"0":{"start":{"line":5,"column":20},"end":{"line":7,"column":2}},"1":{"start":{"line":10,"column":0},"end":{"line":12,"column":3}},"2":{"start":{"line":11,"column":2},"end":{"line":11,"column":44}},"3":{"start":{"line":14,"column":0},"end":{"line":16,"column":3}},"4":{"start":{"line":15,"column":2},"end":{"line":15,"column":36}},"5":{"start":{"line":20,"column":2},"end":{"line":24,"column":3}},"6":{"start":{"line":21,"column":4},"end":{"line":21,"column":32}},"7":{"start":{"line":23,"column":4},"end":{"line":23,"column":56}},"8":{"start":{"line":29,"column":2},"end":{"line":34,"column":3}},"9":{"start":{"line":30,"column":4},"end":{"line":30,"column":38}},"10":{"start":{"line":32,"column":4},"end":{"line":32,"column":61}},"11":{"start":{"line":33,"column":4},"end":{"line":33,"column":16}},"12":{"start":{"line":38,"column":2},"end":{"line":42,"column":3}},"13":{"start":{"line":39,"column":4},"end":{"line":39,"column":65}},"14":{"start":{"line":41,"column":4},"end":{"line":41,"column":60}},"15":{"start":{"line":46,"column":2},"end":{"line":50,"column":3}},"16":{"start":{"line":47,"column":4},"end":{"line":47,"column":38}},"17":{"start":{"line":49,"column":4},"end":{"line":49,"column":61}}},"fnMap":{"0":{"name":"(anonymous_0)","decl":{"start":{"line":10,"column":24},"end":{"line":10,"column":25}},"loc":{"start":{"line":10,"column":33},"end":{"line":12,"column":1}},"line":10},"1":{"name":"(anonymous_1)","decl":{"start":{"line":14,"column":26},"end":{"line":14,"column":27}},"loc":{"start":{"line":14,"column":32},"end":{"line":16,"column":1}},"line":14},"2":{"name":"connectRedis","decl":{"start":{"line":19,"column":15},"end":{"line":19,"column":27}},"loc":{"start":{"line":19,"column":30},"end":{"line":25,"column":1}},"line":19},"3":{"name":"getCache","decl":{"start":{"line":28,"column":15},"end":{"line":28,"column":23}},"loc":{"start":{"line":28,"column":29},"end":{"line":35,"column":1}},"line":28},"4":{"name":"setCache","decl":{"start":{"line":37,"column":15},"end":{"line":37,"column":23}},"loc":{"start":{"line":37,"column":55},"end":{"line":43,"column":1}},"line":37},"5":{"name":"deleteCache","decl":{"start":{"line":45,"column":15},"end":{"line":45,"column":26}},"loc":{"start":{"line":45,"column":32},"end":{"line":51,"column":1}},"line":45}},"branchMap":{"0":{"loc":{"start":{"line":6,"column":7},"end":{"line":6,"column":56}},"type":"binary-expr","locations":[{"start":{"line":6,"column":7},"end":{"line":6,"column":28}},{"start":{"line":6,"column":32},"end":{"line":6,"column":56}}],"line":6},"1":{"loc":{"start":{"line":37,"column":36},"end":{"line":37,"column":53}},"type":"default-arg","locations":[{"start":{"line":37,"column":49},"end":{"line":37,"column":53}}],"line":37}},"s":{"0":1,"1":1,"2":0,"3":1,"4":0,"5":0,"6":0,"7":0,"8":0,"9":0,"10":0,"11":0,"12":1,"13":1,"14":1,"15":0,"16":0,"17":0},"f":{"0":0,"1":0,"2":0,"3":0,"4":1,"5":0},"b":{"0":[1,0],"1":[0]},"_coverageSchema":"1a1c01bbd47fc00a2c39e90264f33305004495a9","hash":"d66b52162985006984f389e24d74d986f746c4ab"}
,"D:\\collge\\wbd\\github_code\\Elearning_22\\Elearning-server\\controllers\\user.js": {"path":"D:\\collge\\wbd\\github_code\\Elearning_22\\Elearning-server\\controllers\\user.js","statementMap":{"0":{"start":{"line":11,"column":24},"end":{"line":63,"column":2}},"1":{"start":{"line":12,"column":4},"end":{"line":61,"column":5}},"2":{"start":{"line":14,"column":40},"end":{"line":14,"column":48}},"3":{"start":{"line":17,"column":19},"end":{"line":17,"column":48}},"4":{"start":{"line":19,"column":8},"end":{"line":21,"column":12}},"5":{"start":{"line":19,"column":17},"end":{"line":21,"column":12}},"6":{"start":{"line":23,"column":31},"end":{"line":23,"column":61}},"7":{"start":{"line":24,"column":8},"end":{"line":28,"column":9}},"8":{"start":{"line":30,"column":20},"end":{"line":30,"column":56}},"9":{"start":{"line":31,"column":32},"end":{"line":36,"column":10}},"10":{"start":{"line":39,"column":8},"end":{"line":42,"column":9}},"11":{"start":{"line":43,"column":8},"end":{"line":47,"column":9}},"12":{"start":{"line":48,"column":8},"end":{"line":48,"column":26}},"13":{"start":{"line":49,"column":8},"end":{"line":52,"column":10}},"14":{"start":{"line":57,"column":8},"end":{"line":60,"column":15}},"15":{"start":{"line":65,"column":26},"end":{"line":87,"column":2}},"16":{"start":{"line":66,"column":36},"end":{"line":66,"column":44}},"17":{"start":{"line":67,"column":19},"end":{"line":67,"column":77}},"18":{"start":{"line":68,"column":4},"end":{"line":71,"column":11}},"19":{"start":{"line":69,"column":8},"end":{"line":71,"column":11}},"20":{"start":{"line":72,"column":4},"end":{"line":75,"column":11}},"21":{"start":{"line":73,"column":8},"end":{"line":75,"column":11}},"22":{"start":{"line":77,"column":4},"end":{"line":81,"column":6}},"23":{"start":{"line":82,"column":4},"end":{"line":86,"column":5}},"24":{"start":{"line":89,"column":25},"end":{"line":113,"column":2}},"25":{"start":{"line":90,"column":31},"end":{"line":90,"column":39}},"26":{"start":{"line":91,"column":17},"end":{"line":91,"column":44}},"27":{"start":{"line":93,"column":4},"end":{"line":96,"column":12}},"28":{"start":{"line":94,"column":8},"end":{"line":96,"column":12}},"29":{"start":{"line":97,"column":25},"end":{"line":97,"column":69}},"30":{"start":{"line":99,"column":4},"end":{"line":102,"column":11}},"31":{"start":{"line":100,"column":8},"end":{"line":102,"column":11}},"32":{"start":{"line":104,"column":19},"end":{"line":106,"column":6}},"33":{"start":{"line":107,"column":4},"end":{"line":107,"column":77}},"34":{"start":{"line":108,"column":4},"end":{"line":112,"column":6}},"35":{"start":{"line":115,"column":25},"end":{"line":132,"column":2}},"36":{"start":{"line":116,"column":19},"end":{"line":116,"column":42}},"37":{"start":{"line":119,"column":23},"end":{"line":119,"column":55}},"38":{"start":{"line":121,"column":4},"end":{"line":123,"column":5}},"39":{"start":{"line":122,"column":8},"end":{"line":122,"column":58}},"40":{"start":{"line":126,"column":17},"end":{"line":126,"column":44}},"41":{"start":{"line":129,"column":4},"end":{"line":129,"column":64}},"42":{"start":{"line":131,"column":4},"end":{"line":131,"column":21}},"43":{"start":{"line":134,"column":30},"end":{"line":142,"column":4}},"44":{"start":{"line":135,"column":21},"end":{"line":135,"column":77}},"45":{"start":{"line":137,"column":4},"end":{"line":139,"column":5}},"46":{"start":{"line":138,"column":6},"end":{"line":138,"column":68}},"47":{"start":{"line":141,"column":4},"end":{"line":141,"column":27}},"48":{"start":{"line":144,"column":34},"end":{"line":182,"column":2}},"49":{"start":{"line":145,"column":22},"end":{"line":145,"column":35}},"50":{"start":{"line":147,"column":20},"end":{"line":147,"column":50}},"51":{"start":{"line":148,"column":4},"end":{"line":153,"column":5}},"52":{"start":{"line":149,"column":8},"end":{"line":152,"column":11}},"53":{"start":{"line":155,"column":20},"end":{"line":155,"column":60}},"54":{"start":{"line":158,"column":37},"end":{"line":167,"column":5}},"55":{"start":{"line":160,"column":36},"end":{"line":160,"column":95}},"56":{"start":{"line":162,"column":12},"end":{"line":165,"column":14}},"57":{"start":{"line":170,"column":26},"end":{"line":170,"column":105}},"58":{"start":{"line":170,"column":75},"end":{"line":170,"column":101}},"59":{"start":{"line":171,"column":25},"end":{"line":171,"column":119}},"60":{"start":{"line":171,"column":74},"end":{"line":171,"column":115}},"61":{"start":{"line":173,"column":4},"end":{"line":181,"column":7}},"62":{"start":{"line":185,"column":31},"end":{"line":225,"column":2}},"63":{"start":{"line":186,"column":22},"end":{"line":186,"column":35}},"64":{"start":{"line":189,"column":4},"end":{"line":194,"column":5}},"65":{"start":{"line":190,"column":8},"end":{"line":193,"column":11}},"66":{"start":{"line":196,"column":4},"end":{"line":224,"column":5}},"67":{"start":{"line":198,"column":24},"end":{"line":198,"column":54}},"68":{"start":{"line":199,"column":8},"end":{"line":204,"column":9}},"69":{"start":{"line":200,"column":12},"end":{"line":203,"column":15}},"70":{"start":{"line":207,"column":24},"end":{"line":207,"column":64}},"71":{"start":{"line":209,"column":8},"end":{"line":209,"column":56}},"72":{"start":{"line":212,"column":8},"end":{"line":216,"column":11}},"73":{"start":{"line":218,"column":8},"end":{"line":218,"column":64}},"74":{"start":{"line":219,"column":8},"end":{"line":223,"column":11}},"75":{"start":{"line":228,"column":28},"end":{"line":273,"column":4}},"76":{"start":{"line":230,"column":19},"end":{"line":230,"column":56}},"77":{"start":{"line":231,"column":4},"end":{"line":231,"column":23}},"78":{"start":{"line":232,"column":4},"end":{"line":234,"column":5}},"79":{"start":{"line":233,"column":6},"end":{"line":233,"column":67}},"80":{"start":{"line":237,"column":21},"end":{"line":237,"column":63}},"81":{"start":{"line":240,"column":4},"end":{"line":249,"column":6}},"82":{"start":{"line":242,"column":8},"end":{"line":247,"column":9}},"83":{"start":{"line":243,"column":10},"end":{"line":243,"column":43}},"84":{"start":{"line":244,"column":10},"end":{"line":244,"column":55}},"85":{"start":{"line":246,"column":10},"end":{"line":246,"column":64}},"86":{"start":{"line":252,"column":4},"end":{"line":258,"column":5}},"87":{"start":{"line":253,"column":6},"end":{"line":255,"column":9}},"88":{"start":{"line":254,"column":8},"end":{"line":254,"column":52}},"89":{"start":{"line":257,"column":6},"end":{"line":257,"column":60}},"90":{"start":{"line":261,"column":4},"end":{"line":261,"column":56}},"91":{"start":{"line":264,"column":4},"end":{"line":264,"column":29}},"92":{"start":{"line":267,"column":4},"end":{"line":267,"column":74}},"93":{"start":{"line":270,"column":4},"end":{"line":272,"column":7}},"94":{"start":{"line":275,"column":26},"end":{"line":282,"column":2}},"95":{"start":{"line":279,"column":4},"end":{"line":279,"column":36}}},"fnMap":{"0":{"name":"(anonymous_0)","decl":{"start":{"line":11,"column":33},"end":{"line":11,"column":34}},"loc":{"start":{"line":11,"column":52},"end":{"line":63,"column":1}},"line":11},"1":{"name":"(anonymous_1)","decl":{"start":{"line":65,"column":35},"end":{"line":65,"column":36}},"loc":{"start":{"line":65,"column":54},"end":{"line":87,"column":1}},"line":65},"2":{"name":"(anonymous_2)","decl":{"start":{"line":89,"column":34},"end":{"line":89,"column":35}},"loc":{"start":{"line":89,"column":53},"end":{"line":113,"column":1}},"line":89},"3":{"name":"(anonymous_3)","decl":{"start":{"line":115,"column":34},"end":{"line":115,"column":35}},"loc":{"start":{"line":115,"column":54},"end":{"line":132,"column":1}},"line":115},"4":{"name":"(anonymous_4)","decl":{"start":{"line":134,"column":39},"end":{"line":134,"column":40}},"loc":{"start":{"line":134,"column":59},"end":{"line":142,"column":3}},"line":134},"5":{"name":"(anonymous_5)","decl":{"start":{"line":144,"column":43},"end":{"line":144,"column":44}},"loc":{"start":{"line":144,"column":63},"end":{"line":182,"column":1}},"line":144},"6":{"name":"(anonymous_6)","decl":{"start":{"line":159,"column":20},"end":{"line":159,"column":21}},"loc":{"start":{"line":159,"column":38},"end":{"line":166,"column":9}},"line":159},"7":{"name":"(anonymous_7)","decl":{"start":{"line":170,"column":58},"end":{"line":170,"column":59}},"loc":{"start":{"line":170,"column":75},"end":{"line":170,"column":101}},"line":170},"8":{"name":"(anonymous_8)","decl":{"start":{"line":171,"column":57},"end":{"line":171,"column":58}},"loc":{"start":{"line":171,"column":74},"end":{"line":171,"column":115}},"line":171},"9":{"name":"(anonymous_9)","decl":{"start":{"line":185,"column":40},"end":{"line":185,"column":41}},"loc":{"start":{"line":185,"column":60},"end":{"line":225,"column":1}},"line":185},"10":{"name":"(anonymous_10)","decl":{"start":{"line":228,"column":37},"end":{"line":228,"column":38}},"loc":{"start":{"line":228,"column":57},"end":{"line":273,"column":3}},"line":228},"11":{"name":"(anonymous_11)","decl":{"start":{"line":241,"column":19},"end":{"line":241,"column":20}},"loc":{"start":{"line":241,"column":38},"end":{"line":248,"column":7}},"line":241},"12":{"name":"(anonymous_12)","decl":{"start":{"line":253,"column":23},"end":{"line":253,"column":24}},"loc":{"start":{"line":253,"column":29},"end":{"line":255,"column":7}},"line":253},"13":{"name":"(anonymous_13)","decl":{"start":{"line":275,"column":35},"end":{"line":275,"column":36}},"loc":{"start":{"line":275,"column":55},"end":{"line":282,"column":1}},"line":275}},"branchMap":{"0":{"loc":{"start":{"line":19,"column":8},"end":{"line":21,"column":12}},"type":"if","locations":[{"start":{"line":19,"column":8},"end":{"line":21,"column":12}},{"start":{},"end":{}}],"line":19},"1":{"loc":{"start":{"line":68,"column":4},"end":{"line":71,"column":11}},"type":"if","locations":[{"start":{"line":68,"column":4},"end":{"line":71,"column":11}},{"start":{},"end":{}}],"line":68},"2":{"loc":{"start":{"line":72,"column":4},"end":{"line":75,"column":11}},"type":"if","locations":[{"start":{"line":72,"column":4},"end":{"line":75,"column":11}},{"start":{},"end":{}}],"line":72},"3":{"loc":{"start":{"line":93,"column":4},"end":{"line":96,"column":12}},"type":"if","locations":[{"start":{"line":93,"column":4},"end":{"line":96,"column":12}},{"start":{},"end":{}}],"line":93},"4":{"loc":{"start":{"line":99,"column":4},"end":{"line":102,"column":11}},"type":"if","locations":[{"start":{"line":99,"column":4},"end":{"line":102,"column":11}},{"start":{},"end":{}}],"line":99},"5":{"loc":{"start":{"line":121,"column":4},"end":{"line":123,"column":5}},"type":"if","locations":[{"start":{"line":121,"column":4},"end":{"line":123,"column":5}},{"start":{},"end":{}}],"line":121},"6":{"loc":{"start":{"line":137,"column":4},"end":{"line":139,"column":5}},"type":"if","locations":[{"start":{"line":137,"column":4},"end":{"line":139,"column":5}},{"start":{},"end":{}}],"line":137},"7":{"loc":{"start":{"line":137,"column":8},"end":{"line":137,"column":42}},"type":"binary-expr","locations":[{"start":{"line":137,"column":8},"end":{"line":137,"column":17}},{"start":{"line":137,"column":21},"end":{"line":137,"column":42}}],"line":137},"8":{"loc":{"start":{"line":148,"column":4},"end":{"line":153,"column":5}},"type":"if","locations":[{"start":{"line":148,"column":4},"end":{"line":153,"column":5}},{"start":{},"end":{}}],"line":148},"9":{"loc":{"start":{"line":189,"column":4},"end":{"line":194,"column":5}},"type":"if","locations":[{"start":{"line":189,"column":4},"end":{"line":194,"column":5}},{"start":{},"end":{}}],"line":189},"10":{"loc":{"start":{"line":189,"column":8},"end":{"line":189,"column":45}},"type":"binary-expr","locations":[{"start":{"line":189,"column":8},"end":{"line":189,"column":18}},{"start":{"line":189,"column":22},"end":{"line":189,"column":45}}],"line":189},"11":{"loc":{"start":{"line":199,"column":8},"end":{"line":204,"column":9}},"type":"if","locations":[{"start":{"line":199,"column":8},"end":{"line":204,"column":9}},{"start":{},"end":{}}],"line":199},"12":{"loc":{"start":{"line":215,"column":21},"end":{"line":215,"column":110}},"type":"cond-expr","locations":[{"start":{"line":215,"column":42},"end":{"line":215,"column":72}},{"start":{"line":215,"column":75},"end":{"line":215,"column":110}}],"line":215},"13":{"loc":{"start":{"line":232,"column":4},"end":{"line":234,"column":5}},"type":"if","locations":[{"start":{"line":232,"column":4},"end":{"line":234,"column":5}},{"start":{},"end":{}}],"line":232}},"s":{"0":1,"1":2,"2":2,"3":2,"4":2,"5":1,"6":1,"7":1,"8":1,"9":1,"10":1,"11":1,"12":1,"13":1,"14":0,"15":1,"16":0,"17":0,"18":0,"19":0,"20":0,"21":0,"22":0,"23":0,"24":1,"25":2,"26":2,"27":2,"28":0,"29":2,"30":2,"31":1,"32":1,"33":1,"34":1,"35":1,"36":0,"37":0,"38":0,"39":0,"40":0,"41":0,"42":0,"43":1,"44":0,"45":0,"46":0,"47":0,"48":1,"49":0,"50":0,"51":0,"52":0,"53":0,"54":0,"55":0,"56":0,"57":0,"58":0,"59":0,"60":0,"61":0,"62":1,"63":0,"64":0,"65":0,"66":0,"67":0,"68":0,"69":0,"70":0,"71":0,"72":0,"73":0,"74":0,"75":1,"76":0,"77":0,"78":0,"79":0,"80":0,"81":0,"82":0,"83":0,"84":0,"85":0,"86":0,"87":0,"88":0,"89":0,"90":0,"91":0,"92":0,"93":0,"94":1,"95":0},"f":{"0":2,"1":0,"2":2,"3":0,"4":0,"5":0,"6":0,"7":0,"8":0,"9":0,"10":0,"11":0,"12":0,"13":0},"b":{"0":[1,1],"1":[0,0],"2":[0,0],"3":[0,2],"4":[1,1],"5":[0,0],"6":[0,0],"7":[0,0],"8":[0,0],"9":[0,0],"10":[0,0],"11":[0,0],"12":[0,0],"13":[0,0]},"_coverageSchema":"1a1c01bbd47fc00a2c39e90264f33305004495a9","hash":"60efa1ac5cd257cb68625e192aa1c4c88f600ada"}
,"D:\\collge\\wbd\\github_code\\Elearning_22\\Elearning-server\\middlewares\\TryCatch.js": {"path":"D:\\collge\\wbd\\github_code\\Elearning_22\\Elearning-server\\middlewares\\TryCatch.js","statementMap":{"0":{"start":{"line":1,"column":24},"end":{"line":9,"column":1}},"1":{"start":{"line":2,"column":4},"end":{"line":8,"column":6}},"2":{"start":{"line":3,"column":8},"end":{"line":7,"column":9}},"3":{"start":{"line":4,"column":12},"end":{"line":4,"column":42}},"4":{"start":{"line":6,"column":12},"end":{"line":6,"column":24}},"5":{"start":{"line":11,"column":28},"end":{"line":23,"column":1}},"6":{"start":{"line":12,"column":4},"end":{"line":12,"column":33}},"7":{"start":{"line":14,"column":23},"end":{"line":14,"column":44}},"8":{"start":{"line":15,"column":20},"end":{"line":15,"column":58}},"9":{"start":{"line":17,"column":4},"end":{"line":22,"column":7}}},"fnMap":{"0":{"name":"(anonymous_0)","decl":{"start":{"line":1,"column":24},"end":{"line":1,"column":25}},"loc":{"start":{"line":1,"column":37},"end":{"line":9,"column":1}},"line":1},"1":{"name":"(anonymous_1)","decl":{"start":{"line":2,"column":11},"end":{"line":2,"column":12}},"loc":{"start":{"line":2,"column":37},"end":{"line":8,"column":5}},"line":2},"2":{"name":"(anonymous_2)","decl":{"start":{"line":11,"column":28},"end":{"line":11,"column":29}},"loc":{"start":{"line":11,"column":53},"end":{"line":23,"column":1}},"line":11}},"branchMap":{"0":{"loc":{"start":{"line":14,"column":23},"end":{"line":14,"column":44}},"type":"binary-expr","locations":[{"start":{"line":14,"column":23},"end":{"line":14,"column":37}},{"start":{"line":14,"column":41},"end":{"line":14,"column":44}}],"line":14},"1":{"loc":{"start":{"line":15,"column":20},"end":{"line":15,"column":58}},"type":"binary-expr","locations":[{"start":{"line":15,"column":20},"end":{"line":15,"column":31}},{"start":{"line":15,"column":35},"end":{"line":15,"column":58}}],"line":15},"2":{"loc":{"start":{"line":21,"column":12},"end":{"line":21,"column":73}},"type":"binary-expr","locations":[{"start":{"line":21,"column":12},"end":{"line":21,"column":49}},{"start":{"line":21,"column":53},"end":{"line":21,"column":73}}],"line":21}},"s":{"0":2,"1":9,"2":4,"3":4,"4":0,"5":2,"6":2,"7":2,"8":2,"9":2},"f":{"0":9,"1":4,"2":2},"b":{"0":[2,1],"1":[2,0],"2":[2,2]},"_coverageSchema":"1a1c01bbd47fc00a2c39e90264f33305004495a9","hash":"7eccaeb9602d26ba4cc65b0a6083a0072bd58273"}
,"D:\\collge\\wbd\\github_code\\Elearning_22\\Elearning-server\\middlewares\\isAuth.js": {"path":"D:\\collge\\wbd\\github_code\\Elearning_22\\Elearning-server\\middlewares\\isAuth.js","statementMap":{"0":{"start":{"line":20,"column":22},"end":{"line":40,"column":1}},"1":{"start":{"line":21,"column":2},"end":{"line":39,"column":3}},"2":{"start":{"line":22,"column":18},"end":{"line":22,"column":35}},"3":{"start":{"line":24,"column":4},"end":{"line":26,"column":5}},"4":{"start":{"line":25,"column":6},"end":{"line":25,"column":63}},"5":{"start":{"line":28,"column":24},"end":{"line":28,"column":62}},"6":{"start":{"line":29,"column":17},"end":{"line":29,"column":53}},"7":{"start":{"line":31,"column":4},"end":{"line":33,"column":5}},"8":{"start":{"line":32,"column":6},"end":{"line":32,"column":65}},"9":{"start":{"line":35,"column":4},"end":{"line":35,"column":20}},"10":{"start":{"line":36,"column":4},"end":{"line":36,"column":11}},"11":{"start":{"line":38,"column":4},"end":{"line":38,"column":53}},"12":{"start":{"line":48,"column":25},"end":{"line":61,"column":3}},"13":{"start":{"line":49,"column":4},"end":{"line":60,"column":5}},"14":{"start":{"line":50,"column":6},"end":{"line":54,"column":7}},"15":{"start":{"line":51,"column":8},"end":{"line":53,"column":11}},"16":{"start":{"line":55,"column":6},"end":{"line":55,"column":13}},"17":{"start":{"line":57,"column":6},"end":{"line":59,"column":9}},"18":{"start":{"line":69,"column":23},"end":{"line":81,"column":1}},"19":{"start":{"line":70,"column":8},"end":{"line":80,"column":9}},"20":{"start":{"line":71,"column":12},"end":{"line":74,"column":19}},"21":{"start":{"line":72,"column":16},"end":{"line":74,"column":19}},"22":{"start":{"line":75,"column":12},"end":{"line":75,"column":19}},"23":{"start":{"line":77,"column":12},"end":{"line":79,"column":15}},"24":{"start":{"line":83,"column":32},"end":{"line":88,"column":1}},"25":{"start":{"line":84,"column":2},"end":{"line":86,"column":3}},"26":{"start":{"line":85,"column":4},"end":{"line":85,"column":18}},"27":{"start":{"line":87,"column":2},"end":{"line":87,"column":60}}},"fnMap":{"0":{"name":"(anonymous_0)","decl":{"start":{"line":20,"column":22},"end":{"line":20,"column":23}},"loc":{"start":{"line":20,"column":48},"end":{"line":40,"column":1}},"line":20},"1":{"name":"(anonymous_1)","decl":{"start":{"line":48,"column":25},"end":{"line":48,"column":26}},"loc":{"start":{"line":48,"column":45},"end":{"line":61,"column":3}},"line":48},"2":{"name":"(anonymous_2)","decl":{"start":{"line":69,"column":23},"end":{"line":69,"column":24}},"loc":{"start":{"line":69,"column":40},"end":{"line":81,"column":1}},"line":69},"3":{"name":"(anonymous_3)","decl":{"start":{"line":83,"column":32},"end":{"line":83,"column":33}},"loc":{"start":{"line":83,"column":52},"end":{"line":88,"column":1}},"line":83}},"branchMap":{"0":{"loc":{"start":{"line":24,"column":4},"end":{"line":26,"column":5}},"type":"if","locations":[{"start":{"line":24,"column":4},"end":{"line":26,"column":5}},{"start":{},"end":{}}],"line":24},"1":{"loc":{"start":{"line":31,"column":4},"end":{"line":33,"column":5}},"type":"if","locations":[{"start":{"line":31,"column":4},"end":{"line":33,"column":5}},{"start":{},"end":{}}],"line":31},"2":{"loc":{"start":{"line":50,"column":6},"end":{"line":54,"column":7}},"type":"if","locations":[{"start":{"line":50,"column":6},"end":{"line":54,"column":7}},{"start":{},"end":{}}],"line":50},"3":{"loc":{"start":{"line":71,"column":12},"end":{"line":74,"column":19}},"type":"if","locations":[{"start":{"line":71,"column":12},"end":{"line":74,"column":19}},{"start":{},"end":{}}],"line":71},"4":{"loc":{"start":{"line":84,"column":2},"end":{"line":86,"column":3}},"type":"if","locations":[{"start":{"line":84,"column":2},"end":{"line":86,"column":3}},{"start":{},"end":{}}],"line":84},"5":{"loc":{"start":{"line":84,"column":6},"end":{"line":84,"column":76}},"type":"binary-expr","locations":[{"start":{"line":84,"column":6},"end":{"line":84,"column":14}},{"start":{"line":84,"column":19},"end":{"line":84,"column":44}},{"start":{"line":84,"column":48},"end":{"line":84,"column":75}}],"line":84}},"s":{"0":1,"1":3,"2":3,"3":3,"4":1,"5":2,"6":1,"7":1,"8":0,"9":1,"10":1,"11":1,"12":1,"13":2,"14":2,"15":1,"16":1,"17":0,"18":1,"19":2,"20":2,"21":1,"22":1,"23":0,"24":1,"25":0,"26":0,"27":0},"f":{"0":3,"1":2,"2":2,"3":0},"b":{"0":[1,2],"1":[0,1],"2":[1,1],"3":[1,1],"4":[0,0],"5":[0,0,0]},"_coverageSchema":"1a1c01bbd47fc00a2c39e90264f33305004495a9","hash":"7b87f44b8101726342b69dc3e8f46fff45a787ee"}
,"D:\\collge\\wbd\\github_code\\Elearning_22\\Elearning-server\\models\\Courses.js": {"path":"D:\\collge\\wbd\\github_code\\Elearning_22\\Elearning-server\\models\\Courses.js","statementMap":{"0":{"start":{"line":3,"column":15},"end":{"line":42,"column":2}},"1":{"start":{"line":45,"column":0},"end":{"line":45,"column":27}},"2":{"start":{"line":46,"column":0},"end":{"line":46,"column":30}},"3":{"start":{"line":47,"column":0},"end":{"line":47,"column":27}},"4":{"start":{"line":48,"column":0},"end":{"line":48,"column":27}},"5":{"start":{"line":50,"column":23},"end":{"line":50,"column":83}}},"fnMap":{},"branchMap":{"0":{"loc":{"start":{"line":50,"column":23},"end":{"line":50,"column":83}},"type":"binary-expr","locations":[{"start":{"line":50,"column":23},"end":{"line":50,"column":46}},{"start":{"line":50,"column":50},"end":{"line":50,"column":83}}],"line":50}},"s":{"0":1,"1":1,"2":1,"3":1,"4":1,"5":1},"f":{},"b":{"0":[1,1]},"_coverageSchema":"1a1c01bbd47fc00a2c39e90264f33305004495a9","hash":"0d78b352a4fb3eba96c3254b11b2cb149a12ce1b"}
,"D:\\collge\\wbd\\github_code\\Elearning_22\\Elearning-server\\models\\Lecture.js": {"path":"D:\\collge\\wbd\\github_code\\Elearning_22\\Elearning-server\\models\\Lecture.js","statementMap":{"0":{"start":{"line":3,"column":15},"end":{"line":27,"column":2}},"1":{"start":{"line":30,"column":0},"end":{"line":30,"column":28}},"2":{"start":{"line":31,"column":0},"end":{"line":31,"column":27}},"3":{"start":{"line":33,"column":23},"end":{"line":33,"column":56}}},"fnMap":{},"branchMap":{},"s":{"0":1,"1":1,"2":1,"3":1},"f":{},"b":{},"_coverageSchema":"1a1c01bbd47fc00a2c39e90264f33305004495a9","hash":"1d6b42e2f58adee9856202414a85424869024b52"}
,"D:\\collge\\wbd\\github_code\\Elearning_22\\Elearning-server\\models\\Progress.js": {"path":"D:\\collge\\wbd\\github_code\\Elearning_22\\Elearning-server\\models\\Progress.js","statementMap":{"0":{"start":{"line":3,"column":15},"end":{"line":23,"column":1}},"1":{"start":{"line":26,"column":0},"end":{"line":26,"column":55}},"2":{"start":{"line":27,"column":0},"end":{"line":27,"column":28}},"3":{"start":{"line":28,"column":0},"end":{"line":28,"column":26}},"4":{"start":{"line":30,"column":24},"end":{"line":30,"column":58}}},"fnMap":{},"branchMap":{},"s":{"0":1,"1":1,"2":1,"3":1,"4":1},"f":{},"b":{},"_coverageSchema":"1a1c01bbd47fc00a2c39e90264f33305004495a9","hash":"e27ff083e979fa1cd4dd192ef37e1b9b2d835443"}
,"D:\\collge\\wbd\\github_code\\Elearning_22\\Elearning-server\\models\\user.js": {"path":"D:\\collge\\wbd\\github_code\\Elearning_22\\Elearning-server\\models\\user.js","statementMap":{"0":{"start":{"line":3,"column":15},"end":{"line":39,"column":1}},"1":{"start":{"line":42,"column":0},"end":{"line":42,"column":45}},"2":{"start":{"line":43,"column":0},"end":{"line":43,"column":26}},"3":{"start":{"line":45,"column":20},"end":{"line":45,"column":49}}},"fnMap":{},"branchMap":{},"s":{"0":2,"1":2,"2":2,"3":2},"f":{},"b":{},"_coverageSchema":"1a1c01bbd47fc00a2c39e90264f33305004495a9","hash":"fd08be712ec89686880b1973abc3a8ce98a2b2a4"}
}
