{"D:\\collge\\wbd\\github_code\\Elearning_22\\Elearning-server\\controllers\\user.js": {"path":"D:\\collge\\wbd\\github_code\\Elearning_22\\Elearning-server\\controllers\\user.js","statementMap":{"0":{"start":{"line":11,"column":24},"end":{"line":63,"column":2}},"1":{"start":{"line":12,"column":4},"end":{"line":61,"column":5}},"2":{"start":{"line":14,"column":40},"end":{"line":14,"column":48}},"3":{"start":{"line":17,"column":19},"end":{"line":17,"column":48}},"4":{"start":{"line":19,"column":8},"end":{"line":21,"column":12}},"5":{"start":{"line":19,"column":17},"end":{"line":21,"column":12}},"6":{"start":{"line":23,"column":31},"end":{"line":23,"column":61}},"7":{"start":{"line":24,"column":8},"end":{"line":28,"column":9}},"8":{"start":{"line":30,"column":20},"end":{"line":30,"column":56}},"9":{"start":{"line":31,"column":32},"end":{"line":36,"column":10}},"10":{"start":{"line":39,"column":8},"end":{"line":42,"column":9}},"11":{"start":{"line":43,"column":8},"end":{"line":47,"column":9}},"12":{"start":{"line":48,"column":8},"end":{"line":48,"column":26}},"13":{"start":{"line":49,"column":8},"end":{"line":52,"column":10}},"14":{"start":{"line":57,"column":8},"end":{"line":60,"column":15}},"15":{"start":{"line":65,"column":26},"end":{"line":87,"column":2}},"16":{"start":{"line":66,"column":36},"end":{"line":66,"column":44}},"17":{"start":{"line":67,"column":19},"end":{"line":67,"column":77}},"18":{"start":{"line":68,"column":4},"end":{"line":71,"column":11}},"19":{"start":{"line":69,"column":8},"end":{"line":71,"column":11}},"20":{"start":{"line":72,"column":4},"end":{"line":75,"column":11}},"21":{"start":{"line":73,"column":8},"end":{"line":75,"column":11}},"22":{"start":{"line":77,"column":4},"end":{"line":81,"column":6}},"23":{"start":{"line":82,"column":4},"end":{"line":86,"column":5}},"24":{"start":{"line":89,"column":25},"end":{"line":112,"column":2}},"25":{"start":{"line":90,"column":31},"end":{"line":90,"column":39}},"26":{"start":{"line":91,"column":17},"end":{"line":91,"column":44}},"27":{"start":{"line":93,"column":4},"end":{"line":96,"column":12}},"28":{"start":{"line":94,"column":8},"end":{"line":96,"column":12}},"29":{"start":{"line":97,"column":25},"end":{"line":97,"column":69}},"30":{"start":{"line":99,"column":4},"end":{"line":102,"column":11}},"31":{"start":{"line":100,"column":8},"end":{"line":102,"column":11}},"32":{"start":{"line":104,"column":19},"end":{"line":106,"column":6}},"33":{"start":{"line":107,"column":4},"end":{"line":111,"column":6}},"34":{"start":{"line":115,"column":25},"end":{"line":120,"column":2}},"35":{"start":{"line":116,"column":17},"end":{"line":116,"column":50}},"36":{"start":{"line":119,"column":4},"end":{"line":119,"column":20}},"37":{"start":{"line":122,"column":30},"end":{"line":130,"column":4}},"38":{"start":{"line":123,"column":21},"end":{"line":123,"column":77}},"39":{"start":{"line":125,"column":4},"end":{"line":127,"column":5}},"40":{"start":{"line":126,"column":6},"end":{"line":126,"column":68}},"41":{"start":{"line":129,"column":4},"end":{"line":129,"column":27}},"42":{"start":{"line":132,"column":34},"end":{"line":170,"column":2}},"43":{"start":{"line":133,"column":22},"end":{"line":133,"column":35}},"44":{"start":{"line":135,"column":20},"end":{"line":135,"column":50}},"45":{"start":{"line":136,"column":4},"end":{"line":141,"column":5}},"46":{"start":{"line":137,"column":8},"end":{"line":140,"column":11}},"47":{"start":{"line":143,"column":20},"end":{"line":143,"column":60}},"48":{"start":{"line":146,"column":37},"end":{"line":155,"column":5}},"49":{"start":{"line":148,"column":36},"end":{"line":148,"column":95}},"50":{"start":{"line":150,"column":12},"end":{"line":153,"column":14}},"51":{"start":{"line":158,"column":26},"end":{"line":158,"column":105}},"52":{"start":{"line":158,"column":75},"end":{"line":158,"column":101}},"53":{"start":{"line":159,"column":25},"end":{"line":159,"column":119}},"54":{"start":{"line":159,"column":74},"end":{"line":159,"column":115}},"55":{"start":{"line":161,"column":4},"end":{"line":169,"column":7}},"56":{"start":{"line":173,"column":31},"end":{"line":213,"column":2}},"57":{"start":{"line":174,"column":22},"end":{"line":174,"column":35}},"58":{"start":{"line":177,"column":4},"end":{"line":182,"column":5}},"59":{"start":{"line":178,"column":8},"end":{"line":181,"column":11}},"60":{"start":{"line":184,"column":4},"end":{"line":212,"column":5}},"61":{"start":{"line":186,"column":24},"end":{"line":186,"column":54}},"62":{"start":{"line":187,"column":8},"end":{"line":192,"column":9}},"63":{"start":{"line":188,"column":12},"end":{"line":191,"column":15}},"64":{"start":{"line":195,"column":24},"end":{"line":195,"column":64}},"65":{"start":{"line":197,"column":8},"end":{"line":197,"column":56}},"66":{"start":{"line":200,"column":8},"end":{"line":204,"column":11}},"67":{"start":{"line":206,"column":8},"end":{"line":206,"column":64}},"68":{"start":{"line":207,"column":8},"end":{"line":211,"column":11}},"69":{"start":{"line":216,"column":28},"end":{"line":261,"column":4}},"70":{"start":{"line":218,"column":19},"end":{"line":218,"column":56}},"71":{"start":{"line":219,"column":4},"end":{"line":219,"column":23}},"72":{"start":{"line":220,"column":4},"end":{"line":222,"column":5}},"73":{"start":{"line":221,"column":6},"end":{"line":221,"column":67}},"74":{"start":{"line":225,"column":21},"end":{"line":225,"column":63}},"75":{"start":{"line":228,"column":4},"end":{"line":237,"column":6}},"76":{"start":{"line":230,"column":8},"end":{"line":235,"column":9}},"77":{"start":{"line":231,"column":10},"end":{"line":231,"column":43}},"78":{"start":{"line":232,"column":10},"end":{"line":232,"column":55}},"79":{"start":{"line":234,"column":10},"end":{"line":234,"column":64}},"80":{"start":{"line":240,"column":4},"end":{"line":246,"column":5}},"81":{"start":{"line":241,"column":6},"end":{"line":243,"column":9}},"82":{"start":{"line":242,"column":8},"end":{"line":242,"column":52}},"83":{"start":{"line":245,"column":6},"end":{"line":245,"column":60}},"84":{"start":{"line":249,"column":4},"end":{"line":249,"column":56}},"85":{"start":{"line":252,"column":4},"end":{"line":252,"column":29}},"86":{"start":{"line":255,"column":4},"end":{"line":255,"column":74}},"87":{"start":{"line":258,"column":4},"end":{"line":260,"column":7}}},"fnMap":{"0":{"name":"(anonymous_0)","decl":{"start":{"line":11,"column":33},"end":{"line":11,"column":34}},"loc":{"start":{"line":11,"column":52},"end":{"line":63,"column":1}},"line":11},"1":{"name":"(anonymous_1)","decl":{"start":{"line":65,"column":35},"end":{"line":65,"column":36}},"loc":{"start":{"line":65,"column":54},"end":{"line":87,"column":1}},"line":65},"2":{"name":"(anonymous_2)","decl":{"start":{"line":89,"column":34},"end":{"line":89,"column":35}},"loc":{"start":{"line":89,"column":53},"end":{"line":112,"column":1}},"line":89},"3":{"name":"(anonymous_3)","decl":{"start":{"line":115,"column":34},"end":{"line":115,"column":35}},"loc":{"start":{"line":115,"column":53},"end":{"line":120,"column":1}},"line":115},"4":{"name":"(anonymous_4)","decl":{"start":{"line":122,"column":39},"end":{"line":122,"column":40}},"loc":{"start":{"line":122,"column":59},"end":{"line":130,"column":3}},"line":122},"5":{"name":"(anonymous_5)","decl":{"start":{"line":132,"column":43},"end":{"line":132,"column":44}},"loc":{"start":{"line":132,"column":63},"end":{"line":170,"column":1}},"line":132},"6":{"name":"(anonymous_6)","decl":{"start":{"line":147,"column":20},"end":{"line":147,"column":21}},"loc":{"start":{"line":147,"column":38},"end":{"line":154,"column":9}},"line":147},"7":{"name":"(anonymous_7)","decl":{"start":{"line":158,"column":58},"end":{"line":158,"column":59}},"loc":{"start":{"line":158,"column":75},"end":{"line":158,"column":101}},"line":158},"8":{"name":"(anonymous_8)","decl":{"start":{"line":159,"column":57},"end":{"line":159,"column":58}},"loc":{"start":{"line":159,"column":74},"end":{"line":159,"column":115}},"line":159},"9":{"name":"(anonymous_9)","decl":{"start":{"line":173,"column":40},"end":{"line":173,"column":41}},"loc":{"start":{"line":173,"column":60},"end":{"line":213,"column":1}},"line":173},"10":{"name":"(anonymous_10)","decl":{"start":{"line":216,"column":37},"end":{"line":216,"column":38}},"loc":{"start":{"line":216,"column":57},"end":{"line":261,"column":3}},"line":216},"11":{"name":"(anonymous_11)","decl":{"start":{"line":229,"column":19},"end":{"line":229,"column":20}},"loc":{"start":{"line":229,"column":38},"end":{"line":236,"column":7}},"line":229},"12":{"name":"(anonymous_12)","decl":{"start":{"line":241,"column":23},"end":{"line":241,"column":24}},"loc":{"start":{"line":241,"column":29},"end":{"line":243,"column":7}},"line":241}},"branchMap":{"0":{"loc":{"start":{"line":19,"column":8},"end":{"line":21,"column":12}},"type":"if","locations":[{"start":{"line":19,"column":8},"end":{"line":21,"column":12}},{"start":{},"end":{}}],"line":19},"1":{"loc":{"start":{"line":68,"column":4},"end":{"line":71,"column":11}},"type":"if","locations":[{"start":{"line":68,"column":4},"end":{"line":71,"column":11}},{"start":{},"end":{}}],"line":68},"2":{"loc":{"start":{"line":72,"column":4},"end":{"line":75,"column":11}},"type":"if","locations":[{"start":{"line":72,"column":4},"end":{"line":75,"column":11}},{"start":{},"end":{}}],"line":72},"3":{"loc":{"start":{"line":93,"column":4},"end":{"line":96,"column":12}},"type":"if","locations":[{"start":{"line":93,"column":4},"end":{"line":96,"column":12}},{"start":{},"end":{}}],"line":93},"4":{"loc":{"start":{"line":99,"column":4},"end":{"line":102,"column":11}},"type":"if","locations":[{"start":{"line":99,"column":4},"end":{"line":102,"column":11}},{"start":{},"end":{}}],"line":99},"5":{"loc":{"start":{"line":125,"column":4},"end":{"line":127,"column":5}},"type":"if","locations":[{"start":{"line":125,"column":4},"end":{"line":127,"column":5}},{"start":{},"end":{}}],"line":125},"6":{"loc":{"start":{"line":125,"column":8},"end":{"line":125,"column":42}},"type":"binary-expr","locations":[{"start":{"line":125,"column":8},"end":{"line":125,"column":17}},{"start":{"line":125,"column":21},"end":{"line":125,"column":42}}],"line":125},"7":{"loc":{"start":{"line":136,"column":4},"end":{"line":141,"column":5}},"type":"if","locations":[{"start":{"line":136,"column":4},"end":{"line":141,"column":5}},{"start":{},"end":{}}],"line":136},"8":{"loc":{"start":{"line":177,"column":4},"end":{"line":182,"column":5}},"type":"if","locations":[{"start":{"line":177,"column":4},"end":{"line":182,"column":5}},{"start":{},"end":{}}],"line":177},"9":{"loc":{"start":{"line":177,"column":8},"end":{"line":177,"column":45}},"type":"binary-expr","locations":[{"start":{"line":177,"column":8},"end":{"line":177,"column":18}},{"start":{"line":177,"column":22},"end":{"line":177,"column":45}}],"line":177},"10":{"loc":{"start":{"line":187,"column":8},"end":{"line":192,"column":9}},"type":"if","locations":[{"start":{"line":187,"column":8},"end":{"line":192,"column":9}},{"start":{},"end":{}}],"line":187},"11":{"loc":{"start":{"line":203,"column":21},"end":{"line":203,"column":110}},"type":"cond-expr","locations":[{"start":{"line":203,"column":42},"end":{"line":203,"column":72}},{"start":{"line":203,"column":75},"end":{"line":203,"column":110}}],"line":203},"12":{"loc":{"start":{"line":220,"column":4},"end":{"line":222,"column":5}},"type":"if","locations":[{"start":{"line":220,"column":4},"end":{"line":222,"column":5}},{"start":{},"end":{}}],"line":220}},"s":{"0":1,"1":2,"2":2,"3":2,"4":2,"5":1,"6":1,"7":1,"8":1,"9":1,"10":1,"11":1,"12":1,"13":1,"14":0,"15":1,"16":0,"17":0,"18":0,"19":0,"20":0,"21":0,"22":0,"23":0,"24":1,"25":2,"26":2,"27":2,"28":0,"29":2,"30":2,"31":1,"32":1,"33":1,"34":1,"35":0,"36":0,"37":1,"38":0,"39":0,"40":0,"41":0,"42":1,"43":0,"44":0,"45":0,"46":0,"47":0,"48":0,"49":0,"50":0,"51":0,"52":0,"53":0,"54":0,"55":0,"56":1,"57":0,"58":0,"59":0,"60":0,"61":0,"62":0,"63":0,"64":0,"65":0,"66":0,"67":0,"68":0,"69":1,"70":0,"71":0,"72":0,"73":0,"74":0,"75":0,"76":0,"77":0,"78":0,"79":0,"80":0,"81":0,"82":0,"83":0,"84":0,"85":0,"86":0,"87":0},"f":{"0":2,"1":0,"2":2,"3":0,"4":0,"5":0,"6":0,"7":0,"8":0,"9":0,"10":0,"11":0,"12":0},"b":{"0":[1,1],"1":[0,0],"2":[0,0],"3":[0,2],"4":[1,1],"5":[0,0],"6":[0,0],"7":[0,0],"8":[0,0],"9":[0,0],"10":[0,0],"11":[0,0],"12":[0,0]},"_coverageSchema":"1a1c01bbd47fc00a2c39e90264f33305004495a9","hash":"a4f7b63a3824b426b5ab25315e6ae5129c35ff25"}
,"D:\\collge\\wbd\\github_code\\Elearning_22\\Elearning-server\\middlewares\\TryCatch.js": {"path":"D:\\collge\\wbd\\github_code\\Elearning_22\\Elearning-server\\middlewares\\TryCatch.js","statementMap":{"0":{"start":{"line":1,"column":24},"end":{"line":9,"column":1}},"1":{"start":{"line":2,"column":4},"end":{"line":8,"column":6}},"2":{"start":{"line":3,"column":8},"end":{"line":7,"column":9}},"3":{"start":{"line":4,"column":12},"end":{"line":4,"column":42}},"4":{"start":{"line":6,"column":12},"end":{"line":6,"column":24}},"5":{"start":{"line":11,"column":28},"end":{"line":23,"column":1}},"6":{"start":{"line":12,"column":4},"end":{"line":12,"column":33}},"7":{"start":{"line":14,"column":23},"end":{"line":14,"column":44}},"8":{"start":{"line":15,"column":20},"end":{"line":15,"column":58}},"9":{"start":{"line":17,"column":4},"end":{"line":22,"column":7}}},"fnMap":{"0":{"name":"(anonymous_0)","decl":{"start":{"line":1,"column":24},"end":{"line":1,"column":25}},"loc":{"start":{"line":1,"column":37},"end":{"line":9,"column":1}},"line":1},"1":{"name":"(anonymous_1)","decl":{"start":{"line":2,"column":11},"end":{"line":2,"column":12}},"loc":{"start":{"line":2,"column":37},"end":{"line":8,"column":5}},"line":2},"2":{"name":"(anonymous_2)","decl":{"start":{"line":11,"column":28},"end":{"line":11,"column":29}},"loc":{"start":{"line":11,"column":53},"end":{"line":23,"column":1}},"line":11}},"branchMap":{"0":{"loc":{"start":{"line":14,"column":23},"end":{"line":14,"column":44}},"type":"binary-expr","locations":[{"start":{"line":14,"column":23},"end":{"line":14,"column":37}},{"start":{"line":14,"column":41},"end":{"line":14,"column":44}}],"line":14},"1":{"loc":{"start":{"line":15,"column":20},"end":{"line":15,"column":58}},"type":"binary-expr","locations":[{"start":{"line":15,"column":20},"end":{"line":15,"column":31}},{"start":{"line":15,"column":35},"end":{"line":15,"column":58}}],"line":15},"2":{"loc":{"start":{"line":21,"column":12},"end":{"line":21,"column":73}},"type":"binary-expr","locations":[{"start":{"line":21,"column":12},"end":{"line":21,"column":49}},{"start":{"line":21,"column":53},"end":{"line":21,"column":73}}],"line":21}},"s":{"0":2,"1":8,"2":4,"3":4,"4":0,"5":2,"6":2,"7":2,"8":2,"9":2},"f":{"0":8,"1":4,"2":2},"b":{"0":[2,1],"1":[2,0],"2":[2,2]},"_coverageSchema":"1a1c01bbd47fc00a2c39e90264f33305004495a9","hash":"7eccaeb9602d26ba4cc65b0a6083a0072bd58273"}
,"D:\\collge\\wbd\\github_code\\Elearning_22\\Elearning-server\\middlewares\\isAuth.js": {"path":"D:\\collge\\wbd\\github_code\\Elearning_22\\Elearning-server\\middlewares\\isAuth.js","statementMap":{"0":{"start":{"line":20,"column":22},"end":{"line":35,"column":1}},"1":{"start":{"line":21,"column":4},"end":{"line":34,"column":5}},"2":{"start":{"line":22,"column":22},"end":{"line":22,"column":39}},"3":{"start":{"line":23,"column":8},"end":{"line":26,"column":11}},"4":{"start":{"line":24,"column":11},"end":{"line":26,"column":11}},"5":{"start":{"line":27,"column":28},"end":{"line":27,"column":65}},"6":{"start":{"line":28,"column":8},"end":{"line":28,"column":56}},"7":{"start":{"line":29,"column":8},"end":{"line":29,"column":14}},"8":{"start":{"line":31,"column":8},"end":{"line":33,"column":11}},"9":{"start":{"line":43,"column":25},"end":{"line":56,"column":3}},"10":{"start":{"line":44,"column":4},"end":{"line":55,"column":5}},"11":{"start":{"line":45,"column":6},"end":{"line":49,"column":7}},"12":{"start":{"line":46,"column":8},"end":{"line":48,"column":11}},"13":{"start":{"line":50,"column":6},"end":{"line":50,"column":13}},"14":{"start":{"line":52,"column":6},"end":{"line":54,"column":9}},"15":{"start":{"line":64,"column":23},"end":{"line":76,"column":1}},"16":{"start":{"line":65,"column":8},"end":{"line":75,"column":9}},"17":{"start":{"line":66,"column":12},"end":{"line":69,"column":19}},"18":{"start":{"line":67,"column":16},"end":{"line":69,"column":19}},"19":{"start":{"line":70,"column":12},"end":{"line":70,"column":19}},"20":{"start":{"line":72,"column":12},"end":{"line":74,"column":15}},"21":{"start":{"line":78,"column":32},"end":{"line":83,"column":1}},"22":{"start":{"line":79,"column":2},"end":{"line":81,"column":3}},"23":{"start":{"line":80,"column":4},"end":{"line":80,"column":18}},"24":{"start":{"line":82,"column":2},"end":{"line":82,"column":60}}},"fnMap":{"0":{"name":"(anonymous_0)","decl":{"start":{"line":20,"column":22},"end":{"line":20,"column":23}},"loc":{"start":{"line":20,"column":48},"end":{"line":35,"column":1}},"line":20},"1":{"name":"(anonymous_1)","decl":{"start":{"line":43,"column":25},"end":{"line":43,"column":26}},"loc":{"start":{"line":43,"column":45},"end":{"line":56,"column":3}},"line":43},"2":{"name":"(anonymous_2)","decl":{"start":{"line":64,"column":23},"end":{"line":64,"column":24}},"loc":{"start":{"line":64,"column":40},"end":{"line":76,"column":1}},"line":64},"3":{"name":"(anonymous_3)","decl":{"start":{"line":78,"column":32},"end":{"line":78,"column":33}},"loc":{"start":{"line":78,"column":52},"end":{"line":83,"column":1}},"line":78}},"branchMap":{"0":{"loc":{"start":{"line":23,"column":8},"end":{"line":26,"column":11}},"type":"if","locations":[{"start":{"line":23,"column":8},"end":{"line":26,"column":11}},{"start":{},"end":{}}],"line":23},"1":{"loc":{"start":{"line":45,"column":6},"end":{"line":49,"column":7}},"type":"if","locations":[{"start":{"line":45,"column":6},"end":{"line":49,"column":7}},{"start":{},"end":{}}],"line":45},"2":{"loc":{"start":{"line":66,"column":12},"end":{"line":69,"column":19}},"type":"if","locations":[{"start":{"line":66,"column":12},"end":{"line":69,"column":19}},{"start":{},"end":{}}],"line":66},"3":{"loc":{"start":{"line":79,"column":2},"end":{"line":81,"column":3}},"type":"if","locations":[{"start":{"line":79,"column":2},"end":{"line":81,"column":3}},{"start":{},"end":{}}],"line":79},"4":{"loc":{"start":{"line":79,"column":6},"end":{"line":79,"column":76}},"type":"binary-expr","locations":[{"start":{"line":79,"column":6},"end":{"line":79,"column":14}},{"start":{"line":79,"column":19},"end":{"line":79,"column":44}},{"start":{"line":79,"column":48},"end":{"line":79,"column":75}}],"line":79}},"s":{"0":1,"1":3,"2":3,"3":3,"4":1,"5":2,"6":1,"7":1,"8":1,"9":1,"10":2,"11":2,"12":1,"13":1,"14":0,"15":1,"16":2,"17":2,"18":1,"19":1,"20":0,"21":1,"22":0,"23":0,"24":0},"f":{"0":3,"1":2,"2":2,"3":0},"b":{"0":[1,2],"1":[1,1],"2":[1,1],"3":[0,0],"4":[0,0,0]},"_coverageSchema":"1a1c01bbd47fc00a2c39e90264f33305004495a9","hash":"5fc181ba6b0c76b9d073c5cc8fc22ce6c33845cc"}
,"D:\\collge\\wbd\\github_code\\Elearning_22\\Elearning-server\\models\\Courses.js": {"path":"D:\\collge\\wbd\\github_code\\Elearning_22\\Elearning-server\\models\\Courses.js","statementMap":{"0":{"start":{"line":3,"column":15},"end":{"line":42,"column":2}},"1":{"start":{"line":45,"column":0},"end":{"line":45,"column":27}},"2":{"start":{"line":46,"column":0},"end":{"line":46,"column":30}},"3":{"start":{"line":47,"column":0},"end":{"line":47,"column":27}},"4":{"start":{"line":48,"column":0},"end":{"line":48,"column":27}},"5":{"start":{"line":50,"column":23},"end":{"line":50,"column":83}}},"fnMap":{},"branchMap":{"0":{"loc":{"start":{"line":50,"column":23},"end":{"line":50,"column":83}},"type":"binary-expr","locations":[{"start":{"line":50,"column":23},"end":{"line":50,"column":46}},{"start":{"line":50,"column":50},"end":{"line":50,"column":83}}],"line":50}},"s":{"0":1,"1":1,"2":1,"3":1,"4":1,"5":1},"f":{},"b":{"0":[1,1]},"_coverageSchema":"1a1c01bbd47fc00a2c39e90264f33305004495a9","hash":"0d78b352a4fb3eba96c3254b11b2cb149a12ce1b"}
,"D:\\collge\\wbd\\github_code\\Elearning_22\\Elearning-server\\models\\Lecture.js": {"path":"D:\\collge\\wbd\\github_code\\Elearning_22\\Elearning-server\\models\\Lecture.js","statementMap":{"0":{"start":{"line":3,"column":15},"end":{"line":27,"column":2}},"1":{"start":{"line":30,"column":0},"end":{"line":30,"column":28}},"2":{"start":{"line":31,"column":0},"end":{"line":31,"column":27}},"3":{"start":{"line":33,"column":23},"end":{"line":33,"column":56}}},"fnMap":{},"branchMap":{},"s":{"0":1,"1":1,"2":1,"3":1},"f":{},"b":{},"_coverageSchema":"1a1c01bbd47fc00a2c39e90264f33305004495a9","hash":"1d6b42e2f58adee9856202414a85424869024b52"}
,"D:\\collge\\wbd\\github_code\\Elearning_22\\Elearning-server\\models\\Progress.js": {"path":"D:\\collge\\wbd\\github_code\\Elearning_22\\Elearning-server\\models\\Progress.js","statementMap":{"0":{"start":{"line":3,"column":15},"end":{"line":23,"column":1}},"1":{"start":{"line":26,"column":0},"end":{"line":26,"column":55}},"2":{"start":{"line":27,"column":0},"end":{"line":27,"column":28}},"3":{"start":{"line":28,"column":0},"end":{"line":28,"column":26}},"4":{"start":{"line":30,"column":24},"end":{"line":30,"column":58}}},"fnMap":{},"branchMap":{},"s":{"0":1,"1":1,"2":1,"3":1,"4":1},"f":{},"b":{},"_coverageSchema":"1a1c01bbd47fc00a2c39e90264f33305004495a9","hash":"e27ff083e979fa1cd4dd192ef37e1b9b2d835443"}
,"D:\\collge\\wbd\\github_code\\Elearning_22\\Elearning-server\\models\\user.js": {"path":"D:\\collge\\wbd\\github_code\\Elearning_22\\Elearning-server\\models\\user.js","statementMap":{"0":{"start":{"line":3,"column":15},"end":{"line":39,"column":1}},"1":{"start":{"line":42,"column":0},"end":{"line":42,"column":45}},"2":{"start":{"line":43,"column":0},"end":{"line":43,"column":26}},"3":{"start":{"line":45,"column":20},"end":{"line":45,"column":49}}},"fnMap":{},"branchMap":{},"s":{"0":2,"1":2,"2":2,"3":2},"f":{},"b":{},"_coverageSchema":"1a1c01bbd47fc00a2c39e90264f33305004495a9","hash":"fd08be712ec89686880b1973abc3a8ce98a2b2a4"}
}
