TN:
SF:controllers\user.js
FN:11,(anonymous_0)
FN:65,(anonymous_1)
FN:89,(anonymous_2)
FN:115,(anonymous_3)
FN:122,(anonymous_4)
FN:132,(anonymous_5)
FN:147,(anonymous_6)
FN:158,(anonymous_7)
FN:159,(anonymous_8)
FN:173,(anonymous_9)
FN:216,(anonymous_10)
FN:229,(anonymous_11)
FN:241,(anonymous_12)
FNF:13
FNH:2
FNDA:2,(anonymous_0)
FNDA:0,(anonymous_1)
FNDA:2,(anonymous_2)
FNDA:0,(anonymous_3)
FNDA:0,(anonymous_4)
FNDA:0,(anonymous_5)
FNDA:0,(anonymous_6)
FNDA:0,(anonymous_7)
FNDA:0,(anonymous_8)
FNDA:0,(anonymous_9)
FNDA:0,(anonymous_10)
FNDA:0,(anonymous_11)
FNDA:0,(anonymous_12)
DA:11,1
DA:12,2
DA:14,2
DA:17,2
DA:19,2
DA:23,1
DA:24,1
DA:30,1
DA:31,1
DA:39,1
DA:43,1
DA:48,1
DA:49,1
DA:57,0
DA:65,1
DA:66,0
DA:67,0
DA:68,0
DA:69,0
DA:72,0
DA:73,0
DA:77,0
DA:82,0
DA:89,1
DA:90,2
DA:91,2
DA:93,2
DA:94,0
DA:97,2
DA:99,2
DA:100,1
DA:104,1
DA:107,1
DA:115,1
DA:116,0
DA:119,0
DA:122,1
DA:123,0
DA:125,0
DA:126,0
DA:129,0
DA:132,1
DA:133,0
DA:135,0
DA:136,0
DA:137,0
DA:143,0
DA:146,0
DA:148,0
DA:150,0
DA:158,0
DA:159,0
DA:161,0
DA:173,1
DA:174,0
DA:177,0
DA:178,0
DA:184,0
DA:186,0
DA:187,0
DA:188,0
DA:195,0
DA:197,0
DA:200,0
DA:206,0
DA:207,0
DA:216,1
DA:218,0
DA:219,0
DA:220,0
DA:221,0
DA:225,0
DA:228,0
DA:230,0
DA:231,0
DA:232,0
DA:234,0
DA:240,0
DA:241,0
DA:242,0
DA:245,0
DA:249,0
DA:252,0
DA:255,0
DA:258,0
LF:85
LH:28
BRDA:19,0,0,1
BRDA:19,0,1,1
BRDA:68,1,0,0
BRDA:68,1,1,0
BRDA:72,2,0,0
BRDA:72,2,1,0
BRDA:93,3,0,0
BRDA:93,3,1,2
BRDA:99,4,0,1
BRDA:99,4,1,1
BRDA:125,5,0,0
BRDA:125,5,1,0
BRDA:125,6,0,0
BRDA:125,6,1,0
BRDA:136,7,0,0
BRDA:136,7,1,0
BRDA:177,8,0,0
BRDA:177,8,1,0
BRDA:177,9,0,0
BRDA:177,9,1,0
BRDA:187,10,0,0
BRDA:187,10,1,0
BRDA:203,11,0,0
BRDA:203,11,1,0
BRDA:220,12,0,0
BRDA:220,12,1,0
BRF:26
BRH:5
end_of_record
TN:
SF:middlewares\TryCatch.js
FN:1,(anonymous_0)
FN:2,(anonymous_1)
FN:11,(anonymous_2)
FNF:3
FNH:3
FNDA:8,(anonymous_0)
FNDA:4,(anonymous_1)
FNDA:2,(anonymous_2)
DA:1,2
DA:2,8
DA:3,4
DA:4,4
DA:6,0
DA:11,2
DA:12,2
DA:14,2
DA:15,2
DA:17,2
LF:10
LH:9
BRDA:14,0,0,2
BRDA:14,0,1,1
BRDA:15,1,0,2
BRDA:15,1,1,0
BRDA:21,2,0,2
BRDA:21,2,1,2
BRF:6
BRH:5
end_of_record
TN:
SF:middlewares\isAuth.js
FN:20,(anonymous_0)
FN:43,(anonymous_1)
FN:64,(anonymous_2)
FN:78,(anonymous_3)
FNF:4
FNH:3
FNDA:3,(anonymous_0)
FNDA:2,(anonymous_1)
FNDA:2,(anonymous_2)
FNDA:0,(anonymous_3)
DA:20,1
DA:21,3
DA:22,3
DA:23,3
DA:24,1
DA:27,2
DA:28,1
DA:29,1
DA:31,1
DA:43,1
DA:44,2
DA:45,2
DA:46,1
DA:50,1
DA:52,0
DA:64,1
DA:65,2
DA:66,2
DA:67,1
DA:70,1
DA:72,0
DA:78,1
DA:79,0
DA:80,0
DA:82,0
LF:25
LH:20
BRDA:23,0,0,1
BRDA:23,0,1,2
BRDA:45,1,0,1
BRDA:45,1,1,1
BRDA:66,2,0,1
BRDA:66,2,1,1
BRDA:79,3,0,0
BRDA:79,3,1,0
BRDA:79,4,0,0
BRDA:79,4,1,0
BRDA:79,4,2,0
BRF:11
BRH:6
end_of_record
TN:
SF:models\Courses.js
FNF:0
FNH:0
DA:3,1
DA:45,1
DA:46,1
DA:47,1
DA:48,1
DA:50,1
LF:6
LH:6
BRDA:50,0,0,1
BRDA:50,0,1,1
BRF:2
BRH:2
end_of_record
TN:
SF:models\Lecture.js
FNF:0
FNH:0
DA:3,1
DA:30,1
DA:31,1
DA:33,1
LF:4
LH:4
BRF:0
BRH:0
end_of_record
TN:
SF:models\Progress.js
FNF:0
FNH:0
DA:3,1
DA:26,1
DA:27,1
DA:28,1
DA:30,1
LF:5
LH:5
BRF:0
BRH:0
end_of_record
TN:
SF:models\user.js
FNF:0
FNH:0
DA:3,2
DA:42,2
DA:43,2
DA:45,2
LF:4
LH:4
BRF:0
BRH:0
end_of_record
