TN:
SF:config\redis.js
FN:10,(anonymous_0)
FN:14,(anonymous_1)
FN:19,connectRedis
FN:28,getCache
FN:37,setCache
FN:45,deleteCache
FNF:6
FNH:1
FNDA:0,(anonymous_0)
FNDA:0,(anonymous_1)
FNDA:0,connectRedis
FNDA:0,getCache
FNDA:1,setCache
FNDA:0,deleteCache
DA:5,1
DA:10,1
DA:11,0
DA:14,1
DA:15,0
DA:20,0
DA:21,0
DA:23,0
DA:29,0
DA:30,0
DA:32,0
DA:33,0
DA:38,1
DA:39,1
DA:41,1
DA:46,0
DA:47,0
DA:49,0
LF:18
LH:6
BRDA:6,0,0,1
BRDA:6,0,1,0
BRDA:37,1,0,0
BRF:3
BRH:1
end_of_record
TN:
SF:controllers\user.js
FN:11,(anonymous_0)
FN:65,(anonymous_1)
FN:89,(anonymous_2)
FN:115,(anonymous_3)
FN:134,(anonymous_4)
FN:144,(anonymous_5)
FN:159,(anonymous_6)
FN:170,(anonymous_7)
FN:171,(anonymous_8)
FN:185,(anonymous_9)
FN:228,(anonymous_10)
FN:241,(anonymous_11)
FN:253,(anonymous_12)
FN:275,(anonymous_13)
FNF:14
FNH:2
FNDA:2,(anonymous_0)
FNDA:0,(anonymous_1)
FNDA:2,(anonymous_2)
FNDA:0,(anonymous_3)
FNDA:0,(anonymous_4)
FNDA:0,(anonymous_5)
FNDA:0,(anonymous_6)
FNDA:0,(anonymous_7)
FNDA:0,(anonymous_8)
FNDA:0,(anonymous_9)
FNDA:0,(anonymous_10)
FNDA:0,(anonymous_11)
FNDA:0,(anonymous_12)
FNDA:0,(anonymous_13)
DA:11,1
DA:12,2
DA:14,2
DA:17,2
DA:19,2
DA:23,1
DA:24,1
DA:30,1
DA:31,1
DA:39,1
DA:43,1
DA:48,1
DA:49,1
DA:57,0
DA:65,1
DA:66,0
DA:67,0
DA:68,0
DA:69,0
DA:72,0
DA:73,0
DA:77,0
DA:82,0
DA:89,1
DA:90,2
DA:91,2
DA:93,2
DA:94,0
DA:97,2
DA:99,2
DA:100,1
DA:104,1
DA:107,1
DA:108,1
DA:115,1
DA:116,0
DA:119,0
DA:121,0
DA:122,0
DA:126,0
DA:129,0
DA:131,0
DA:134,1
DA:135,0
DA:137,0
DA:138,0
DA:141,0
DA:144,1
DA:145,0
DA:147,0
DA:148,0
DA:149,0
DA:155,0
DA:158,0
DA:160,0
DA:162,0
DA:170,0
DA:171,0
DA:173,0
DA:185,1
DA:186,0
DA:189,0
DA:190,0
DA:196,0
DA:198,0
DA:199,0
DA:200,0
DA:207,0
DA:209,0
DA:212,0
DA:218,0
DA:219,0
DA:228,1
DA:230,0
DA:231,0
DA:232,0
DA:233,0
DA:237,0
DA:240,0
DA:242,0
DA:243,0
DA:244,0
DA:246,0
DA:252,0
DA:253,0
DA:254,0
DA:257,0
DA:261,0
DA:264,0
DA:267,0
DA:270,0
DA:275,1
DA:279,0
LF:93
LH:30
BRDA:19,0,0,1
BRDA:19,0,1,1
BRDA:68,1,0,0
BRDA:68,1,1,0
BRDA:72,2,0,0
BRDA:72,2,1,0
BRDA:93,3,0,0
BRDA:93,3,1,2
BRDA:99,4,0,1
BRDA:99,4,1,1
BRDA:121,5,0,0
BRDA:121,5,1,0
BRDA:137,6,0,0
BRDA:137,6,1,0
BRDA:137,7,0,0
BRDA:137,7,1,0
BRDA:148,8,0,0
BRDA:148,8,1,0
BRDA:189,9,0,0
BRDA:189,9,1,0
BRDA:189,10,0,0
BRDA:189,10,1,0
BRDA:199,11,0,0
BRDA:199,11,1,0
BRDA:215,12,0,0
BRDA:215,12,1,0
BRDA:232,13,0,0
BRDA:232,13,1,0
BRF:28
BRH:5
end_of_record
TN:
SF:middlewares\TryCatch.js
FN:1,(anonymous_0)
FN:2,(anonymous_1)
FN:11,(anonymous_2)
FNF:3
FNH:3
FNDA:9,(anonymous_0)
FNDA:4,(anonymous_1)
FNDA:2,(anonymous_2)
DA:1,2
DA:2,9
DA:3,4
DA:4,4
DA:6,0
DA:11,2
DA:12,2
DA:14,2
DA:15,2
DA:17,2
LF:10
LH:9
BRDA:14,0,0,2
BRDA:14,0,1,1
BRDA:15,1,0,2
BRDA:15,1,1,0
BRDA:21,2,0,2
BRDA:21,2,1,2
BRF:6
BRH:5
end_of_record
TN:
SF:middlewares\isAuth.js
FN:20,(anonymous_0)
FN:48,(anonymous_1)
FN:69,(anonymous_2)
FN:83,(anonymous_3)
FNF:4
FNH:3
FNDA:3,(anonymous_0)
FNDA:2,(anonymous_1)
FNDA:2,(anonymous_2)
FNDA:0,(anonymous_3)
DA:20,1
DA:21,3
DA:22,3
DA:24,3
DA:25,1
DA:28,2
DA:29,1
DA:31,1
DA:32,0
DA:35,1
DA:36,1
DA:38,1
DA:48,1
DA:49,2
DA:50,2
DA:51,1
DA:55,1
DA:57,0
DA:69,1
DA:70,2
DA:71,2
DA:72,1
DA:75,1
DA:77,0
DA:83,1
DA:84,0
DA:85,0
DA:87,0
LF:28
LH:22
BRDA:24,0,0,1
BRDA:24,0,1,2
BRDA:31,1,0,0
BRDA:31,1,1,1
BRDA:50,2,0,1
BRDA:50,2,1,1
BRDA:71,3,0,1
BRDA:71,3,1,1
BRDA:84,4,0,0
BRDA:84,4,1,0
BRDA:84,5,0,0
BRDA:84,5,1,0
BRDA:84,5,2,0
BRF:13
BRH:7
end_of_record
TN:
SF:models\Courses.js
FNF:0
FNH:0
DA:3,1
DA:45,1
DA:46,1
DA:47,1
DA:48,1
DA:50,1
LF:6
LH:6
BRDA:50,0,0,1
BRDA:50,0,1,1
BRF:2
BRH:2
end_of_record
TN:
SF:models\Lecture.js
FNF:0
FNH:0
DA:3,1
DA:30,1
DA:31,1
DA:33,1
LF:4
LH:4
BRF:0
BRH:0
end_of_record
TN:
SF:models\Progress.js
FNF:0
FNH:0
DA:3,1
DA:26,1
DA:27,1
DA:28,1
DA:30,1
LF:5
LH:5
BRF:0
BRH:0
end_of_record
TN:
SF:models\user.js
FNF:0
FNH:0
DA:3,2
DA:42,2
DA:43,2
DA:45,2
LF:4
LH:4
BRF:0
BRH:0
end_of_record
